<?xml version="1.0" encoding="UTF-8"?>
<!-- Generated by org.testng.reporters.JUnitXMLReporter -->
<testsuite hostname="FG2000121941.local" name="Assaignmant test" tests="2" failures="1" timestamp="20 Nov 2020 13:50:41 GMT" time="40.506" errors="0">
  <testcase name="test" time="19.159" classname="com.test_classes.AssaignmantPageTest"/>
  <testcase name="test" time="40.488" classname="com.test_classes.AssaignmantPageTest">
    <failure type="java.lang.NullPointerException">
      <![CDATA[java.lang.NullPointerException
	at com.core.report_and_listener.Listener.onTestSuccess(Listener.java:34)
... Removed 21 stack frames]]>
    </failure>
  </testcase> <!-- test -->
</testsuite> <!-- Assaignmant test -->
